  Arkanoid.cpp
C:\1.Dev\Arkanoid\Arkanoid\Arkanoid.cpp(42,15): warning C4244: аргумент: преобразование "time_t" в "unsigned int", возможна потеря данных
C:\1.Dev\Arkanoid\Arkanoid\Arkanoid.cpp(152,36): warning C4305: аргумент: усечение из "double" в "float"
C:\1.Dev\Arkanoid\Arkanoid\Arkanoid.cpp(156,36): warning C4305: аргумент: усечение из "double" в "float"
C:\1.Dev\Arkanoid\Arkanoid\Arkanoid.cpp(160,36): warning C4305: аргумент: усечение из "double" в "float"
C:\1.Dev\Arkanoid\Arkanoid\Arkanoid.cpp(164,36): warning C4305: аргумент: усечение из "double" в "float"
C:\1.Dev\Arkanoid\Arkanoid\Arkanoid.cpp(195,72): warning C4244: аргумент: преобразование "int" в "float", возможна потеря данных
C:\1.Dev\Arkanoid\Arkanoid\Arkanoid.cpp(195,57): warning C4244: аргумент: преобразование "int" в "float", возможна потеря данных
C:\1.Dev\Arkanoid\Arkanoid\Arkanoid.cpp(239,37): warning C4244: аргумент: преобразование "int" в "float", возможна потеря данных
C:\1.Dev\Arkanoid\Arkanoid\Arkanoid.cpp(387,91): warning C4244: аргумент: преобразование "double" в "float", возможна потеря данных
C:\1.Dev\Arkanoid\Arkanoid\Arkanoid.cpp(387,75): warning C4244: аргумент: преобразование "double" в "float", возможна потеря данных
C:\1.Dev\Arkanoid\Arkanoid\Arkanoid.cpp(402,91): warning C4244: аргумент: преобразование "double" в "float", возможна потеря данных
C:\1.Dev\Arkanoid\Arkanoid\Arkanoid.cpp(402,75): warning C4244: аргумент: преобразование "double" в "float", возможна потеря данных
C:\1.Dev\Arkanoid\Arkanoid\Arkanoid.cpp(437,83): warning C4244: аргумент: преобразование "double" в "float", возможна потеря данных
C:\1.Dev\Arkanoid\Arkanoid\Arkanoid.cpp(437,67): warning C4244: аргумент: преобразование "double" в "float", возможна потеря данных
C:\1.Dev\Arkanoid\Arkanoid\Arkanoid.cpp(464,46): warning C4244: аргумент: преобразование "int" в "float", возможна потеря данных
C:\1.Dev\Arkanoid\Arkanoid\Arkanoid.cpp(464,38): warning C4244: аргумент: преобразование "int" в "float", возможна потеря данных
C:\1.Dev\Arkanoid\Arkanoid\Arkanoid.cpp(502,49): warning C4244: аргумент: преобразование "int" в "float", возможна потеря данных
C:\1.Dev\Arkanoid\Arkanoid\Arkanoid.cpp(529,52): warning C4244: аргумент: преобразование "int" в "float", возможна потеря данных
C:\1.Dev\Arkanoid\Arkanoid\Arkanoid.cpp(579,44): warning C4244: аргумент: преобразование "int" в "float", возможна потеря данных
Arkanoid.obj : error LNK2001: неразрешенный внешний символ "__declspec(dllimport) public: static class sf::RenderStates const sf::RenderStates::Default" (__imp_?Default@RenderStates@sf@@2V12@B).
Arkanoid.obj : error LNK2001: неразрешенный внешний символ "__declspec(dllimport) public: void __thiscall sf::Transformable::move(float,float)" (__imp_?move@Transformable@sf@@QAEXMM@Z).
Arkanoid.obj : error LNK2001: неразрешенный внешний символ "__declspec(dllimport) public: class sf::Vector2<float> const & __thiscall sf::Transformable::getPosition(void)const " (__imp_?getPosition@Transformable@sf@@QBEABV?$Vector2@M@2@XZ).
Arkanoid.obj : error LNK2001: неразрешенный внешний символ "__declspec(dllimport) public: void __thiscall sf::Transformable::setScale(float,float)" (__imp_?setScale@Transformable@sf@@QAEXMM@Z).
Arkanoid.obj : error LNK2001: неразрешенный внешний символ "__declspec(dllimport) public: void __thiscall sf::Transformable::setPosition(float,float)" (__imp_?setPosition@Transformable@sf@@QAEXMM@Z).
Arkanoid.obj : error LNK2001: неразрешенный внешний символ "__declspec(dllimport) public: bool __thiscall sf::Texture::loadFromFile(class std::basic_string<char,struct std::char_traits<char>,class std::allocator<char> > const &,class sf::Rect<int> const &)" (__imp_?loadFromFile@Texture@sf@@QAE_NABV?$basic_string@DU?$char_traits@D@std@@V?$allocator@D@2@@std@@ABV?$Rect@H@2@@Z).
Arkanoid.obj : error LNK2001: неразрешенный внешний символ "__declspec(dllimport) public: __thiscall sf::Texture::~Texture(void)" (__imp_??1Texture@sf@@QAE@XZ).
Arkanoid.obj : error LNK2001: неразрешенный внешний символ "__declspec(dllimport) public: __thiscall sf::Texture::Texture(void)" (__imp_??0Texture@sf@@QAE@XZ).
Arkanoid.obj : error LNK2001: неразрешенный внешний символ "__declspec(dllimport) public: virtual __thiscall sf::RenderWindow::~RenderWindow(void)" (__imp_??1RenderWindow@sf@@UAE@XZ).
Arkanoid.obj : error LNK2001: неразрешенный внешний символ "__declspec(dllimport) public: __thiscall sf::RenderWindow::RenderWindow(class sf::VideoMode,class sf::String const &,unsigned int,struct sf::ContextSettings const &)" (__imp_??0RenderWindow@sf@@QAE@VVideoMode@1@ABVString@1@IABUContextSettings@1@@Z).
Arkanoid.obj : error LNK2001: неразрешенный внешний символ "__declspec(dllimport) public: void __thiscall sf::Window::display(void)" (__imp_?display@Window@sf@@QAEXXZ).
Arkanoid.obj : error LNK2001: неразрешенный внешний символ "__declspec(dllimport) public: void __thiscall sf::Window::setFramerateLimit(unsigned int)" (__imp_?setFramerateLimit@Window@sf@@QAEXI@Z).
Arkanoid.obj : error LNK2001: неразрешенный внешний символ "__declspec(dllimport) public: bool __thiscall sf::Window::pollEvent(class sf::Event &)" (__imp_?pollEvent@Window@sf@@QAE_NAAVEvent@2@@Z).
Arkanoid.obj : error LNK2001: неразрешенный внешний символ "__declspec(dllimport) public: bool __thiscall sf::Window::isOpen(void)const " (__imp_?isOpen@Window@sf@@QBE_NXZ).
Arkanoid.obj : error LNK2001: неразрешенный внешний символ "__declspec(dllimport) public: void __thiscall sf::Window::close(void)" (__imp_?close@Window@sf@@QAEXXZ).
Arkanoid.obj : error LNK2001: неразрешенный внешний символ "__declspec(dllimport) public: static class sf::Color const sf::Color::Transparent" (__imp_?Transparent@Color@sf@@2V12@B).
Arkanoid.obj : error LNK2001: неразрешенный внешний символ "__declspec(dllimport) public: void __thiscall sf::RenderTarget::draw(class sf::Drawable const &,class sf::RenderStates const &)" (__imp_?draw@RenderTarget@sf@@QAEXABVDrawable@2@ABVRenderStates@2@@Z).
Arkanoid.obj : error LNK2001: неразрешенный внешний символ "__declspec(dllimport) public: static bool __cdecl sf::Keyboard::isKeyPressed(enum sf::Keyboard::Key)" (__imp_?isKeyPressed@Keyboard@sf@@SA_NW4Key@12@@Z).
Arkanoid.obj : error LNK2001: неразрешенный внешний символ "__declspec(dllimport) public: void __thiscall sf::Shape::setFillColor(class sf::Color const &)" (__imp_?setFillColor@Shape@sf@@QAEXABVColor@2@@Z).
Arkanoid.obj : error LNK2001: неразрешенный внешний символ "__declspec(dllimport) public: __thiscall sf::String::String(char const *,class std::locale const &)" (__imp_??0String@sf@@QAE@PBDABVlocale@std@@@Z).
Arkanoid.obj : error LNK2001: неразрешенный внешний символ "__declspec(dllimport) public: void __thiscall sf::RectangleShape::setSize(class sf::Vector2<float> const &)" (__imp_?setSize@RectangleShape@sf@@QAEXABV?$Vector2@M@2@@Z).
Arkanoid.obj : error LNK2001: неразрешенный внешний символ "__declspec(dllimport) public: __thiscall sf::RectangleShape::RectangleShape(class sf::Vector2<float> const &)" (__imp_??0RectangleShape@sf@@QAE@ABV?$Vector2@M@1@@Z).
Arkanoid.obj : error LNK2001: неразрешенный внешний символ "__declspec(dllimport) public: __thiscall sf::VideoMode::VideoMode(unsigned int,unsigned int,unsigned int)" (__imp_??0VideoMode@sf@@QAE@III@Z).
Arkanoid.obj : error LNK2001: неразрешенный внешний символ "__declspec(dllimport) public: class sf::Rect<float> __thiscall sf::Sprite::getGlobalBounds(void)const " (__imp_?getGlobalBounds@Sprite@sf@@QBE?AV?$Rect@M@2@XZ).
Arkanoid.obj : error LNK2001: неразрешенный внешний символ "__declspec(dllimport) public: void __thiscall sf::Sprite::setTextureRect(class sf::Rect<int> const &)" (__imp_?setTextureRect@Sprite@sf@@QAEXABV?$Rect@H@2@@Z).
Arkanoid.obj : error LNK2001: неразрешенный внешний символ "__declspec(dllimport) public: void __thiscall sf::Sprite::setTexture(class sf::Texture const &,bool)" (__imp_?setTexture@Sprite@sf@@QAEXABVTexture@2@_N@Z).
Arkanoid.obj : error LNK2001: неразрешенный внешний символ "__declspec(dllimport) public: __thiscall sf::Sprite::Sprite(void)" (__imp_??0Sprite@sf@@QAE@XZ).
Arkanoid.obj : error LNK2001: неразрешенный внешний символ "__declspec(dllimport) public: static class sf::Vector2<int> __cdecl sf::Mouse::getPosition(class sf::Window const &)" (__imp_?getPosition@Mouse@sf@@SA?AV?$Vector2@H@2@ABVWindow@2@@Z).
Arkanoid.obj : error LNK2001: неразрешенный внешний символ "__declspec(dllimport) public: virtual __thiscall sf::RectangleShape::~RectangleShape(void)" (__imp_??1RectangleShape@sf@@UAE@XZ).
Arkanoid.obj : error LNK2001: неразрешенный внешний символ "__declspec(dllimport) public: virtual __thiscall sf::Sprite::~Sprite(void)" (__imp_??1Sprite@sf@@UAE@XZ).
Arkanoid.obj : error LNK2001: неразрешенный внешний символ "__declspec(dllimport) public: __thiscall sf::String::~String(void)" (__imp_??1String@sf@@QAE@XZ).
C:\1.Dev\Arkanoid\Release\Arkanoid.exe : fatal error LNK1120: неразрешенных внешних элементов: 31
