  Arkanoid.cpp
C:\1.Dev\Arkanoid\Arkanoid\Arkanoid.cpp(42,15): warning C4244: аргумент: преобразование "time_t" в "unsigned int", возможна потеря данных
C:\1.Dev\Arkanoid\Arkanoid\Arkanoid.cpp(152,36): warning C4305: аргумент: усечение из "double" в "float"
C:\1.Dev\Arkanoid\Arkanoid\Arkanoid.cpp(156,36): warning C4305: аргумент: усечение из "double" в "float"
C:\1.Dev\Arkanoid\Arkanoid\Arkanoid.cpp(160,36): warning C4305: аргумент: усечение из "double" в "float"
C:\1.Dev\Arkanoid\Arkanoid\Arkanoid.cpp(164,36): warning C4305: аргумент: усечение из "double" в "float"
C:\1.Dev\Arkanoid\Arkanoid\Arkanoid.cpp(174,36): warning C4305: аргумент: усечение из "double" в "float"
C:\1.Dev\Arkanoid\Arkanoid\Arkanoid.cpp(196,72): warning C4244: аргумент: преобразование "int" в "float", возможна потеря данных
C:\1.Dev\Arkanoid\Arkanoid\Arkanoid.cpp(196,57): warning C4244: аргумент: преобразование "int" в "float", возможна потеря данных
C:\1.Dev\Arkanoid\Arkanoid\Arkanoid.cpp(240,37): warning C4244: аргумент: преобразование "int" в "float", возможна потеря данных
C:\1.Dev\Arkanoid\Arkanoid\Arkanoid.cpp(388,91): warning C4244: аргумент: преобразование "double" в "float", возможна потеря данных
C:\1.Dev\Arkanoid\Arkanoid\Arkanoid.cpp(388,75): warning C4244: аргумент: преобразование "double" в "float", возможна потеря данных
C:\1.Dev\Arkanoid\Arkanoid\Arkanoid.cpp(403,91): warning C4244: аргумент: преобразование "double" в "float", возможна потеря данных
C:\1.Dev\Arkanoid\Arkanoid\Arkanoid.cpp(403,75): warning C4244: аргумент: преобразование "double" в "float", возможна потеря данных
C:\1.Dev\Arkanoid\Arkanoid\Arkanoid.cpp(438,83): warning C4244: аргумент: преобразование "double" в "float", возможна потеря данных
C:\1.Dev\Arkanoid\Arkanoid\Arkanoid.cpp(438,67): warning C4244: аргумент: преобразование "double" в "float", возможна потеря данных
C:\1.Dev\Arkanoid\Arkanoid\Arkanoid.cpp(465,46): warning C4244: аргумент: преобразование "int" в "float", возможна потеря данных
C:\1.Dev\Arkanoid\Arkanoid\Arkanoid.cpp(465,38): warning C4244: аргумент: преобразование "int" в "float", возможна потеря данных
C:\1.Dev\Arkanoid\Arkanoid\Arkanoid.cpp(503,49): warning C4244: аргумент: преобразование "int" в "float", возможна потеря данных
C:\1.Dev\Arkanoid\Arkanoid\Arkanoid.cpp(530,52): warning C4244: аргумент: преобразование "int" в "float", возможна потеря данных
C:\1.Dev\Arkanoid\Arkanoid\Arkanoid.cpp(580,44): warning C4244: аргумент: преобразование "int" в "float", возможна потеря данных
  Arkanoid.vcxproj -> C:\1.Dev\Arkanoid\Debug\Arkanoid.exe
